<?xml version="1.0" encoding="UTF-8"?>
<!-- Generated by org.testng.reporters.JUnitXMLReporter -->
<testsuite ignored="0" hostname="LAPTOP-V12LU4S8" failures="0" tests="6" name="Test" time="148.313" errors="0" timestamp="2020-06-10T21:09:17 IST">
  <testcase classname="com.lakme.Testcases.LoginPageTestCases" name="TC_Login_01_Test" time="10.017"/>
  <testcase classname="com.lakme.Testcases.LoginPageTestCases" name="TC_Login_02" time="14.231"/>
  <testcase classname="com.lakme.Testcases.LoginPageTestCases" name="TC_Login_03" time="13.872"/>
  <testcase classname="com.lakme.Testcases.LoginPageTestCases" name="TC_Login_04" time="11.489"/>
  <testcase classname="com.lakme.Testcases.LoginPageTestCases" name="TC_Login_05" time="11.283"/>
  <testcase classname="com.lakme.Testcases.LoginPageTestCases" name="TC_Login_06" time="15.708"/>
</testsuite> <!-- Test -->
