<?xml version="1.0" encoding="UTF-8"?>
<!-- Generated by org.testng.reporters.JUnitXMLReporter -->
<testsuite hostname="WINSG185301-BXU" ignored="0" name="Test" tests="3" failures="1" timestamp="2020-05-20T08:36:31 IST" time="7.686" errors="0">
  <testcase name="selectOneWayOptionTest" time="0.024" classname="com.lakme.Testcases.FlightsPageTestcases">
    <failure type="java.lang.AssertionError" message="expected [true] but found [false]">
      <![CDATA[java.lang.AssertionError: expected [true] but found [false]
at com.lakme.Testcases.FlightsPageTestcases.selectOneWayOptionTest(FlightsPageTestcases.java:31)
at java.util.ArrayList.forEach(Unknown Source)
... Removed 31 stack frames]]>
    </failure>
  </testcase> <!-- selectOneWayOptionTest -->
  <testcase name="roundTripOptionTest" time="0.256" classname="com.lakme.Testcases.FlightsPageTestcases"/>
  <testcase name="multicityOptionTest" time="0.132" classname="com.lakme.Testcases.FlightsPageTestcases"/>
</testsuite> <!-- Test -->
