<?xml version="1.0" encoding="UTF-8"?>
<!-- Generated by org.testng.reporters.JUnitXMLReporter -->
<testsuite ignored="1" hostname="LAPTOP-V12LU4S8" failures="2" tests="2" name="Test(failed)" time="0.087" errors="0" timestamp="2020-05-29T15:42:43 IST">
  <testcase classname="com.lakme.Testcases.FlightsPageTestcases" name="selectOneWayOptionTest" time="0.013">
    <failure type="java.lang.NullPointerException">
      <![CDATA[java.lang.NullPointerException
at org.openqa.selenium.support.pagefactory.DefaultElementLocator.findElement(DefaultElementLocator.java:69)
at org.openqa.selenium.support.pagefactory.internal.LocatingElementHandler.invoke(LocatingElementHandler.java:38)
at com.sun.proxy.$Proxy26.click(Unknown Source)
at com.lakme.pageobjects.FlightsPageRepository.clickonewaybutton(FlightsPageRepository.java:37)
at com.lakme.Testcases.FlightsPageTestcases.selectOneWayOptionTest(FlightsPageTestcases.java:33)
at java.base/java.util.ArrayList.forEach(ArrayList.java:1510)
... Removed 27 stack frames]]>
    </failure>
  </testcase> <!-- selectOneWayOptionTest -->
  <testcase classname="com.lakme.Testcases.FlightsPageTestcases" name="roundTripOptionTest" time="0.006">
    <failure type="java.lang.NullPointerException">
      <![CDATA[java.lang.NullPointerException
at org.openqa.selenium.support.pagefactory.DefaultElementLocator.findElement(DefaultElementLocator.java:69)
at org.openqa.selenium.support.pagefactory.internal.LocatingElementHandler.invoke(LocatingElementHandler.java:38)
at com.sun.proxy.$Proxy26.click(Unknown Source)
at com.lakme.pageobjects.FlightsPageRepository.clickroundTripbutton(FlightsPageRepository.java:42)
at com.lakme.Testcases.FlightsPageTestcases.roundTripOptionTest(FlightsPageTestcases.java:51)
at java.base/java.util.ArrayList.forEach(ArrayList.java:1510)
... Removed 27 stack frames]]>
    </failure>
  </testcase> <!-- roundTripOptionTest -->
  <testcase classname="com.lakme.Testcases.FlightsPageTestcases" name="multicityOptionTest" time="0.0">
    <ignored/>
  </testcase> <!-- multicityOptionTest -->
</testsuite> <!-- Test(failed) -->
