<?xml version="1.0" encoding="UTF-8"?>
<testng-results ignored="0" total="6" passed="6" failed="0" skipped="0">
  <reporter-output>
  </reporter-output>
  <suite started-at="2020-06-10T21:06:49 IST" name="Suite" finished-at="2020-06-10T21:09:17 IST" duration-ms="148313">
    <groups>
    </groups>
    <test started-at="2020-06-10T21:06:49 IST" name="Test" finished-at="2020-06-10T21:09:17 IST" duration-ms="148313">
      <class name="com.lakme.Testcases.LoginPageTestCases">
        <test-method is-config="true" signature="setup()[pri:0, instance:com.lakme.Testcases.LoginPageTestCases@71c27ee8]" started-at="2020-06-10T21:06:50 IST" name="setup" finished-at="2020-06-10T21:07:02 IST" duration-ms="12169" status="PASS">
          <reporter-output>
          </reporter-output>
        </test-method> <!-- setup -->
        <test-method signature="TC_Login_01_Test(java.lang.String, java.lang.String)[pri:0, instance:com.lakme.Testcases.LoginPageTestCases@71c27ee8]" started-at="2020-06-10T21:07:02 IST" name="TC_Login_01_Test" data-provider="getvalidcredentials" finished-at="2020-06-10T21:07:12 IST" duration-ms="10017" status="PASS">
          <params>
            <param index="0">
              <value>
                <![CDATA[bindu.gadapa7@gmail.com]]>
              </value>
            </param>
            <param index="1">
              <value>
                <![CDATA[Sadana@113]]>
              </value>
            </param>
          </params>
          <reporter-output>
          </reporter-output>
        </test-method> <!-- TC_Login_01_Test -->
        <test-method is-config="true" signature="tearDown()[pri:0, instance:com.lakme.Testcases.LoginPageTestCases@71c27ee8]" started-at="2020-06-10T21:07:12 IST" name="tearDown" finished-at="2020-06-10T21:07:13 IST" duration-ms="989" status="PASS">
          <reporter-output>
          </reporter-output>
        </test-method> <!-- tearDown -->
        <test-method is-config="true" signature="setup()[pri:0, instance:com.lakme.Testcases.LoginPageTestCases@71c27ee8]" started-at="2020-06-10T21:07:13 IST" name="setup" finished-at="2020-06-10T21:07:24 IST" duration-ms="10624" status="PASS">
          <reporter-output>
          </reporter-output>
        </test-method> <!-- setup -->
        <test-method signature="TC_Login_02(java.lang.String, java.lang.String)[pri:0, instance:com.lakme.Testcases.LoginPageTestCases@71c27ee8]" started-at="2020-06-10T21:07:24 IST" name="TC_Login_02" data-provider="getinvalidpassword" finished-at="2020-06-10T21:07:38 IST" duration-ms="14231" status="PASS">
          <params>
            <param index="0">
              <value>
                <![CDATA[bindu.gadapa7@gmail.com]]>
              </value>
            </param>
            <param index="1">
              <value>
                <![CDATA[Sadana@113789]]>
              </value>
            </param>
          </params>
          <reporter-output>
          </reporter-output>
        </test-method> <!-- TC_Login_02 -->
        <test-method is-config="true" signature="tearDown()[pri:0, instance:com.lakme.Testcases.LoginPageTestCases@71c27ee8]" started-at="2020-06-10T21:07:38 IST" name="tearDown" finished-at="2020-06-10T21:07:39 IST" duration-ms="889" status="PASS">
          <reporter-output>
          </reporter-output>
        </test-method> <!-- tearDown -->
        <test-method is-config="true" signature="setup()[pri:0, instance:com.lakme.Testcases.LoginPageTestCases@71c27ee8]" started-at="2020-06-10T21:07:39 IST" name="setup" finished-at="2020-06-10T21:07:50 IST" duration-ms="10986" status="PASS">
          <reporter-output>
          </reporter-output>
        </test-method> <!-- setup -->
        <test-method signature="TC_Login_03(java.lang.String, java.lang.String)[pri:0, instance:com.lakme.Testcases.LoginPageTestCases@71c27ee8]" started-at="2020-06-10T21:07:50 IST" name="TC_Login_03" data-provider="getinvalidemail" finished-at="2020-06-10T21:08:04 IST" duration-ms="13872" status="PASS">
          <params>
            <param index="0">
              <value>
                <![CDATA[bindu.gadapa71@gmail.com]]>
              </value>
            </param>
            <param index="1">
              <value>
                <![CDATA[Sadana@113]]>
              </value>
            </param>
          </params>
          <reporter-output>
          </reporter-output>
        </test-method> <!-- TC_Login_03 -->
        <test-method is-config="true" signature="tearDown()[pri:0, instance:com.lakme.Testcases.LoginPageTestCases@71c27ee8]" started-at="2020-06-10T21:08:04 IST" name="tearDown" finished-at="2020-06-10T21:08:05 IST" duration-ms="869" status="PASS">
          <reporter-output>
          </reporter-output>
        </test-method> <!-- tearDown -->
        <test-method is-config="true" signature="setup()[pri:0, instance:com.lakme.Testcases.LoginPageTestCases@71c27ee8]" started-at="2020-06-10T21:08:05 IST" name="setup" finished-at="2020-06-10T21:08:16 IST" duration-ms="11135" status="PASS">
          <reporter-output>
          </reporter-output>
        </test-method> <!-- setup -->
        <test-method signature="TC_Login_04(java.lang.String, java.lang.String)[pri:0, instance:com.lakme.Testcases.LoginPageTestCases@71c27ee8]" started-at="2020-06-10T21:08:16 IST" name="TC_Login_04" data-provider="getvalidcredentials" finished-at="2020-06-10T21:08:28 IST" duration-ms="11489" status="PASS">
          <params>
            <param index="0">
              <value>
                <![CDATA[bindu.gadapa7@gmail.com]]>
              </value>
            </param>
            <param index="1">
              <value>
                <![CDATA[Sadana@113]]>
              </value>
            </param>
          </params>
          <reporter-output>
          </reporter-output>
        </test-method> <!-- TC_Login_04 -->
        <test-method is-config="true" signature="tearDown()[pri:0, instance:com.lakme.Testcases.LoginPageTestCases@71c27ee8]" started-at="2020-06-10T21:08:28 IST" name="tearDown" finished-at="2020-06-10T21:08:29 IST" duration-ms="800" status="PASS">
          <reporter-output>
          </reporter-output>
        </test-method> <!-- tearDown -->
        <test-method is-config="true" signature="setup()[pri:0, instance:com.lakme.Testcases.LoginPageTestCases@71c27ee8]" started-at="2020-06-10T21:08:29 IST" name="setup" finished-at="2020-06-10T21:08:39 IST" duration-ms="10436" status="PASS">
          <reporter-output>
          </reporter-output>
        </test-method> <!-- setup -->
        <test-method signature="TC_Login_05(java.lang.String, java.lang.String)[pri:0, instance:com.lakme.Testcases.LoginPageTestCases@71c27ee8]" started-at="2020-06-10T21:08:39 IST" name="TC_Login_05" data-provider="getvalidcredentials" finished-at="2020-06-10T21:08:50 IST" duration-ms="11283" status="PASS">
          <params>
            <param index="0">
              <value>
                <![CDATA[bindu.gadapa7@gmail.com]]>
              </value>
            </param>
            <param index="1">
              <value>
                <![CDATA[Sadana@113]]>
              </value>
            </param>
          </params>
          <reporter-output>
          </reporter-output>
        </test-method> <!-- TC_Login_05 -->
        <test-method is-config="true" signature="tearDown()[pri:0, instance:com.lakme.Testcases.LoginPageTestCases@71c27ee8]" started-at="2020-06-10T21:08:50 IST" name="tearDown" finished-at="2020-06-10T21:08:51 IST" duration-ms="840" status="PASS">
          <reporter-output>
          </reporter-output>
        </test-method> <!-- tearDown -->
        <test-method is-config="true" signature="setup()[pri:0, instance:com.lakme.Testcases.LoginPageTestCases@71c27ee8]" started-at="2020-06-10T21:08:51 IST" name="setup" finished-at="2020-06-10T21:09:01 IST" duration-ms="9353" status="PASS">
          <reporter-output>
          </reporter-output>
        </test-method> <!-- setup -->
        <test-method signature="TC_Login_06(java.lang.String)[pri:0, instance:com.lakme.Testcases.LoginPageTestCases@71c27ee8]" started-at="2020-06-10T21:09:01 IST" name="TC_Login_06" data-provider="get_TC_Login_06_TestData" finished-at="2020-06-10T21:09:16 IST" duration-ms="15708" status="PASS">
          <params>
            <param index="0">
              <value>
                <![CDATA[bindu.gadapa7@gmail.com]]>
              </value>
            </param>
          </params>
          <reporter-output>
          </reporter-output>
        </test-method> <!-- TC_Login_06 -->
        <test-method is-config="true" signature="tearDown()[pri:0, instance:com.lakme.Testcases.LoginPageTestCases@71c27ee8]" started-at="2020-06-10T21:09:16 IST" name="tearDown" finished-at="2020-06-10T21:09:17 IST" duration-ms="827" status="PASS">
          <reporter-output>
          </reporter-output>
        </test-method> <!-- tearDown -->
      </class> <!-- com.lakme.Testcases.LoginPageTestCases -->
    </test> <!-- Test -->
  </suite> <!-- Suite -->
</testng-results>
